     1                                  DEFAULT REL
     2                                  	section .data
     3 00000000 06000000[00000000]-     nodes:	dd 6,0+nodes,0+nodes,0
     3 00000008 [00000000]00000000 
     4 00000010 06000000[10000000]-     sinkT:	dd 6,nodes + 16,nodes + 16,0
     4 00000018 [10000000]00000000 
     5 00000020 05000000[10000000]-     	dd 5,nodes + 16,nodes + 0,0
     5 00000028 [00000000]00000000 
     6 00000030 05000000[00000000]-     	dd 5,nodes + 0,nodes + 16,0
     6 00000038 [10000000]00000000 
     7 00000040 04000000[00000000]-     	dd 4,nodes + 0,nodes + 32,0
     7 00000048 [20000000]00000000 
     8 00000050 04000000[10000000]-     	dd 4,nodes + 16,nodes + 32,0
     8 00000058 [20000000]00000000 
     9 00000060 04000000[30000000]-     	dd 4,nodes + 48,nodes + 0,0
     9 00000068 [00000000]00000000 
    10 00000070 04000000[20000000]-     	dd 4,nodes + 32,nodes + 16,0
    10 00000078 [10000000]00000000 
    11 00000080 04000000[10000000]-     	dd 4,nodes + 16,nodes + 0,0
    11 00000088 [00000000]00000000 
    12 00000090 04000000[20000000]-     	dd 4,nodes + 32,nodes + 0,0
    12 00000098 [00000000]00000000 
    13 000000A0 04000000[10000000]-     	dd 4,nodes + 16,nodes + 48,0
    13 000000A8 [30000000]00000000 
    14 000000B0 04000000[30000000]-     	dd 4,nodes + 48,nodes + 32,0
    14 000000B8 [20000000]00000000 
    15 000000C0 04000000[30000000]-     	dd 4,nodes + 48,nodes + 16,0
    15 000000C8 [10000000]00000000 
    16 000000D0 03000000[40000000]-     	dd 3,nodes + 64,nodes + 0,0
    16 000000D8 [00000000]00000000 
    17 000000E0 03000000[50000000]-     	dd 3,nodes + 80,nodes + 0,0
    17 000000E8 [00000000]00000000 
    18 000000F0 03000000[50000000]-     	dd 3,nodes + 80,nodes + 96,0
    18 000000F8 [60000000]00000000 
    19 00000100 03000000[70000000]-     	dd 3,nodes + 112,nodes + 128,0
    19 00000108 [80000000]00000000 
    20 00000110 03000000[20000000]-     	dd 3,nodes + 32,nodes + 144,0
    20 00000118 [90000000]00000000 
    21 00000120 03000000[A0000000]-     	dd 3,nodes + 160,nodes + 32,0
    21 00000128 [20000000]00000000 
    22 00000130 03000000[50000000]-     	dd 3,nodes + 80,nodes + 176,0
    22 00000138 [B0000000]00000000 
    23 00000140 03000000[C0000000]-     	dd 3,nodes + 192,nodes + 80,0
    23 00000148 [50000000]00000000 
    24 00000150 02000000[D0000000]-     	dd 2,nodes + 208,nodes + 224,0
    24 00000158 [E0000000]00000000 
    25 00000160 02000000[F0000000]-     	dd 2,nodes + 240,nodes + 256,0
    25 00000168 [00010000]00000000 
    26 00000170 02000000[10010000]-     	dd 2,nodes + 272,nodes + 288,0
    26 00000178 [20010000]00000000 
    27 00000180 02000000[30010000]-     	dd 2,nodes + 304,nodes + 320,0
    27 00000188 [40010000]00000000 
    28 00000190 01000000[50010000]-     	dd 1,nodes + 336,nodes + 352,0
    28 00000198 [60010000]00000000 
    29 000001A0 01000000[70010000]-     	dd 1,nodes + 368,nodes + 384,0
    29 000001A8 [80010000]00000000 
    30 000001B0 00000000[90010000]-     root:	dd 0,nodes + 400,nodes + 416,0
    30 000001B8 [A0010000]00000000 
    31 000001C0 010101000100            vars:	db 1,1,1,0,1,0
    32                                  	section .text
    33                                  	global main
    34 00000000 448B05(B0010000)        main:	mov	r8d,[root]
    35 00000007 448B0D(00000000)        	mov	r9d,[nodes]
    36 0000000E 4D31D2                  	xor	r10,r10
    37 00000011 41BA[B0010000]          	mov	r10d,root
    38 00000017 41BB[C0010000]          	mov	r11d,vars
    39 0000001D 67453B02                .head:	cmp	r8d,[r10d]
    40 00000021 7515                    	jne	.inc
    41                                  ;	xor	rcx,rcx
    42 00000023 490FB60B                	movzx	rcx, byte [r11]
    43 00000027 48C1E102                	shl	rcx,2
    44 0000002B 4183C204                	add	r10d,4		;point r10->node.lo
    45 0000002F 4901CA                  	add	r10,rcx		;offset by x*4
    46 00000032 418B0A                  	mov	ecx, dword [r10]
    47 00000035 4989CA                  	mov	r10,rcx	;resolve pointer
    48 00000038 49FFC0                  .inc	inc	r8
    49 0000003B 49FFC3                  	inc	r11
    50 0000003E 4D39C8                  	cmp	r8,r9
    51 00000041 7CDA                    	jl	.head
    52 00000043 4983C204                	add	r10,4		;point to res.lo
    53 00000047 418B3A                  	mov	edi,[r10]	;move its value (0 or 16) into ax
    54 0000004A 81EF[00000000]          	sub	edi,nodes
    55 00000050 48C1EF04                	shr	rdi,4		;ax /= 16
    56 00000054 B83C000000              	mov	rax,60
    57 00000059 0F05                    	syscall
    58                                  
