     1                                  	section .data
     2 00000000 7661726961626C6573-     fname	db	'variables.dat',0
     2 00000009 2E64617400         
     3 0000000E 060000000000000000-     sinkF:	dd 6,0,0,0
     3 00000017 00000000000000     
     4 0000001E 060000000100000001-     sinkT:	dd 6,1,1,0
     4 00000027 00000000000000     
     5 0000002E 050000000100000000-     		dd 5,1,0,0
     5 00000037 00000000000000     
     6 0000003E 050000000000000001-     		dd 5,0,1,0
     6 00000047 00000000000000     
     7 0000004E 040000000000000002-     		dd 4,0,2,0
     7 00000057 00000000000000     
     8 0000005E 040000000100000002-     		dd 4,1,2,0
     8 00000067 00000000000000     
     9 0000006E 040000000300000000-     		dd 4,3,0,0
     9 00000077 00000000000000     
    10 0000007E 040000000200000001-     		dd 4,2,1,0
    10 00000087 00000000000000     
    11 0000008E 040000000100000000-     		dd 4,1,0,0
    11 00000097 00000000000000     
    12 0000009E 040000000200000000-     		dd 4,2,0,0
    12 000000A7 00000000000000     
    13 000000AE 040000000100000003-     		dd 4,1,3,0
    13 000000B7 00000000000000     
    14 000000BE 040000000300000002-     		dd 4,3,2,0
    14 000000C7 00000000000000     
    15 000000CE 040000000300000001-     		dd 4,3,1,0
    15 000000D7 00000000000000     
    16 000000DE 030000000400000000-     		dd 3,4,0,0
    16 000000E7 00000000000000     
    17 000000EE 030000000500000000-     		dd 3,5,0,0
    17 000000F7 00000000000000     
    18 000000FE 030000000500000006-     		dd 3,5,6,0
    18 00000107 00000000000000     
    19 0000010E 030000000700000008-     		dd 3,7,8,0
    19 00000117 00000000000000     
    20 0000011E 030000000200000009-     		dd 3,2,9,0
    20 00000127 00000000000000     
    21 0000012E 030000000A00000002-     		dd 3,10,2,0
    21 00000137 00000000000000     
    22 0000013E 03000000050000000B-     		dd 3,5,11,0
    22 00000147 00000000000000     
    23 0000014E 030000000C00000005-     		dd 3,12,5,0
    23 00000157 00000000000000     
    24 0000015E 020000000D0000000E-     		dd 2,13,14,0
    24 00000167 00000000000000     
    25 0000016E 020000000F00000010-     		dd 2,15,16,0
    25 00000177 00000000000000     
    26 0000017E 020000001100000012-     		dd 2,17,18,0
    26 00000187 00000000000000     
    27 0000018E 020000001300000014-     		dd 2,19,20,0
    27 00000197 00000000000000     
    28 0000019E 010000001500000016-     		dd 1,21,22,0
    28 000001A7 00000000000000     
    29 000001AE 010000001700000018-     		dd 1,23,24,0
    29 000001B7 00000000000000     
    30 000001BE 00000000190000001A-     root:	dd 0,25,26,0
    30 000001C7 00000000000000     
    31 000001CE 256C5820256C580A00      fmt:	db	"%lX %lX",10,0
    32 000001D7 25730A00                fmt2:	db	"%s",10,0
    33                                  	section .bss
    34 00000000 <res 00000400>          buf:	resb	1024
    35 00000400 <res 00000008>          fd:	resq	1
    36                                  
    37                                  	section .text
    38                                  extern printf
    39                                  extern putchar
    40                                  global main
    41                                  
    42                                  
    43                                  main:
    44 00000000 4C8B3C25[0E000000]      			mov	r15,[sinkF]
    45 00000008 48BF-                   		mov	rdi,fname
    45 0000000A [0000000000000000] 
    46 00000012 B802000000              		mov	rax,2			;open()
    47 00000017 BE00000000              		mov	rsi,0
    48 0000001C 0F05                    		syscall
    49 0000001E 48890425[00040000]      		mov	[fd],rax
    50 00000026 488B3C25[00040000]      		mov	rdi,[fd]
    51 0000002E 48BE-                   		mov	rsi,buf
    51 00000030 [0000000000000000] 
    52 00000038 4C89FA                  		mov	rdx,r15
    53 0000003B B800000000              		mov	rax,0			;read()
    54 00000040 0F05                    		syscall
    55                                  	;==Initialization==	
    56 00000042 41BA00000000            		mov	r10,0			;v=0
    57 00000048 4C8B1C25[0E000000]      		mov	r11,[sinkF]	;sinkF.v
    58 00000050 49BC-                   		mov	r12,buf		;*buf[0]
    58 00000052 [0000000000000000] 
    59 0000005A 49BD-                   		mov	r13,root+4	;*root.lo
    59 0000005C [C201000000000000] 
    60 00000064 49BE-                   		mov	r14,root		;*root
    60 00000066 [BE01000000000000] 
    61                                  	;Everything inited. Ready to go?
    62                                  _loop_head:					;Here begins a universal boolean solver :-/
    63                                  ;		mov	r9,[r14]
    64 0000006E 453B16                  		cmp	r10d,[r14]	; v ? node.v
    65 00000071 7C2A                    		jl		_e1
    66 00000073 458A3C24                		mov	r15b,[r12]	; =x[v]+48
    67 00000077 4983EF30                		sub	r15,48
    68 0000007B 49C1E702                		shl	r15,2
    69 0000007F 4D01FD                  		add	r13,r15
    70                                  ;		add	r13,sinkF
    71 00000082 4D8B7500                		mov	r14,[r13]
    72 00000086 4981C6[0E000000]        		add	r14,sinkF
    73 0000008D 4981FE[1E000000]        		cmp	r14,sinkT
    74 00000094 7E0F                    		jle	_done
    75 00000096 4D89F5                  		mov	r13,r14
    76 00000099 4983C504                		add	r13,4
    77                                  _e1:
    78 0000009D 49FFC2                  		inc	r10
    79 000000A0 49FFC4                  		inc	r12
    80 000000A3 EBC9                    		jmp 	_loop_head
    81                                  
    82                                  _done:
    83                                  	;cleanup and quit
    84 000000A5 488B3C25[00040000]      		mov	rdi,[fd]
    85 000000AD B803000000              		mov	rax,3			;close()
    86 000000B2 0F05                    		syscall
    87 000000B4 4889C7                  		mov 	rdi,rax
    88 000000B7 B83C000000              		mov	rax,60		;exit()
    89 000000BC 0F05                    		syscall
    90                                  
    91                                  
    92                                  _print:
    93                                  
