     1                                  extern printf
     2                                  	section .data
     3 00000000 25580A00                fmt:	db	"%X",10,0
     4 00000004 060000000000000000-     bot:	dd 6,0,0,0
     4 0000000D 00000000000000     
     5 00000014 060000000100000001-     		dd 6,1,1,0
     5 0000001D 00000000000000     
     6 00000024 050000000100000000-     		dd 5,1,0,0
     6 0000002D 00000000000000     
     7 00000034 050000000000000001-     		dd 5,0,1,0
     7 0000003D 00000000000000     
     8 00000044 040000000000000002-     		dd 4,0,2,0
     8 0000004D 00000000000000     
     9 00000054 040000000100000002-     		dd 4,1,2,0
     9 0000005D 00000000000000     
    10 00000064 040000000300000000-     		dd 4,3,0,0
    10 0000006D 00000000000000     
    11 00000074 040000000200000001-     		dd 4,2,1,0
    11 0000007D 00000000000000     
    12 00000084 040000000100000000-     		dd 4,1,0,0
    12 0000008D 00000000000000     
    13 00000094 040000000200000000-     		dd 4,2,0,0
    13 0000009D 00000000000000     
    14 000000A4 040000000100000003-     		dd 4,1,3,0
    14 000000AD 00000000000000     
    15 000000B4 040000000300000002-     		dd 4,3,2,0
    15 000000BD 00000000000000     
    16 000000C4 040000000300000001-     		dd 4,3,1,0
    16 000000CD 00000000000000     
    17 000000D4 030000000400000000-     		dd 3,4,0,0
    17 000000DD 00000000000000     
    18 000000E4 030000000500000000-     		dd 3,5,0,0
    18 000000ED 00000000000000     
    19 000000F4 030000000500000006-     		dd 3,5,6,0
    19 000000FD 00000000000000     
    20 00000104 030000000700000008-     		dd 3,7,8,0
    20 0000010D 00000000000000     
    21 00000114 030000000200000009-     		dd 3,2,9,0
    21 0000011D 00000000000000     
    22 00000124 030000000A00000002-     		dd 3,10,2,0
    22 0000012D 00000000000000     
    23 00000134 03000000050000000B-     		dd 3,5,11,0
    23 0000013D 00000000000000     
    24 00000144 030000000C00000005-     		dd 3,12,5,0
    24 0000014D 00000000000000     
    25 00000154 020000000D0000000E-     		dd 2,13,14,0
    25 0000015D 00000000000000     
    26 00000164 020000000F00000010-     		dd 2,15,16,0
    26 0000016D 00000000000000     
    27 00000174 020000001100000012-     		dd 2,17,18,0
    27 0000017D 00000000000000     
    28 00000184 020000001300000014-     		dd 2,19,20,0
    28 0000018D 00000000000000     
    29 00000194 010000001500000016-     		dd 1,21,22,0
    29 0000019D 00000000000000     
    30 000001A4 010000001700000018-     		dd 1,23,24,0
    30 000001AD 00000000000000     
    31 000001B4 00000000190000001A-     root:	dd 0,25,26,0
    31 000001BD 00000000000000     
    32                                  	section .text
    33                                  global	main
    34                                  main:
    35 00000000 55                      	push 	rbp
    36 00000001 48BF-                   	mov 	rdi,fmt
    36 00000003 [0000000000000000] 
    37 0000000B 4889C6                  	mov 	rsi,rax	;rdi, rsi, rdx, rcx, r9, r10...
    38 0000000E B800000000              	mov 	rax,0
    39 00000013 E8(00000000)            	call 	printf
    40 00000018 4889FE                  	mov	rsi,rdi
    41 0000001B 48BF-                   	mov	rdi,fmt
    41 0000001D [0000000000000000] 
    42                                  ;	mov	rsi,rbx
    43 00000025 B800000000              	mov	rax,0
    44 0000002A E8(00000000)            	call	printf
    45 0000002F 5D                      	pop	rbp
    46 00000030 B800000000              	mov	rax,0
    47 00000035 C3                      	ret
